#
# There is insufficient memory for the Java Runtime Environment to continue.
# Native memory allocation (malloc) failed to allocate 65552 bytes for Chunk::new
# Possible reasons:
#   The system is out of physical RAM or swap space
#   The process is running with CompressedOops enabled, and the Java Heap may be blocking the growth of the native heap
# Possible solutions:
#   Reduce memory load on the system
#   Increase physical memory or swap space
#   Check if swap backing store is full
#   Decrease Java heap size (-Xmx/-Xms)
#   Decrease number of Java threads
#   Decrease Java thread stack sizes (-Xss)
#   Set larger code cache with -XX:ReservedCodeCacheSize=
#   JVM is running with Unscaled Compressed Oops mode in which the Java heap is
#     placed in the first 4GB address space. The Java Heap base address is the
#     maximum limit for the native heap growth. Please use -XX:HeapBaseMinAddress
#     to set the Java Heap base and to place the Java Heap above 4GB virtual address.
# This output file may be truncated or incomplete.
#
#  Out of Memory Error (t:/workspace/open/src/hotspot/share/memory/arena.cpp:197), pid=12056, tid=5840
#
# JRE version: Java(TM) SE Runtime Environment (11.0.6+8) (build 11.0.6+8-LTS)
# Java VM: Java HotSpot(TM) 64-Bit Server VM (11.0.6+8-LTS, mixed mode, tiered, compressed oops, g1 gc, windows-amd64)
# No core dump will be written. Minidumps are not enabled by default on client versions of Windows
#

---------------  S U M M A R Y ------------

Command Line: -agentlib:jdwp=transport=dt_socket,address=54812,suspend=y,server=y -javaagent:C:\Users\Andre\AppData\Local\JetBrains\IntelliJIdea2020.1\captureAgent\debugger-agent.jar com.desafio.codenation.DesafioApplication

Host: Intel(R) Core(TM) i5-7200U CPU @ 2.50GHz, 4 cores, 7G,  Windows 10 , 64 bit Build 18362 (10.0.18362.900)
Time: Fri Jun 19 13:45:51 2020 Hora Padrão de Buenos Aires elapsed time: 36 seconds (0d 0h 0m 36s)

---------------  T H R E A D  ---------------

Current thread (0x000002725f7b2000):  JavaThread "C2 CompilerThread1" daemon [_thread_in_native, id=5840, stack(0x00000095e8400000,0x00000095e8500000)]


Current CompileTask:
C2:  36584 7176   !   4       org.springframework.util.ClassUtils::getMostSpecificMethod (72 bytes)

Stack: [0x00000095e8400000,0x00000095e8500000]
Native frames: (J=compiled Java code, j=interpreted, Vv=VM code, C=native code)
V  [jvm.dll+0x63679a]
V  [jvm.dll+0x7755bf]
V  [jvm.dll+0x776c65]
V  [jvm.dll+0x7772d3]
V  [jvm.dll+0x25e7f8]
V  [jvm.dll+0xc1c01]
V  [jvm.dll+0xc219c]
V  [jvm.dll+0xcfa0a]
V  [jvm.dll+0x544030]
V  [jvm.dll+0x542044]
V  [jvm.dll+0x5428ef]
V  [jvm.dll+0x541e3f]
V  [jvm.dll+0x541e53]
V  [jvm.dll+0x541e53]
V  [jvm.dll+0x541e53]
V  [jvm.dll+0x541e53]
V  [jvm.dll+0x541e53]
V  [jvm.dll+0x541e53]
V  [jvm.dll+0x541e06]
V  [jvm.dll+0x553437]
V  [jvm.dll+0x219e49]
V  [jvm.dll+0x2173d6]
V  [jvm.dll+0x193a2c]
V  [jvm.dll+0x226544]
V  [jvm.dll+0x224b28]
V  [jvm.dll+0x73a9c5]
V  [jvm.dll+0x733905]
V  [jvm.dll+0x635846]
C  [ucrtbase.dll+0x20e82]
C  [KERNEL32.DLL+0x17bd4]
C  [ntdll.dll+0x6ce51]


---------------  P R O C E S S  ---------------

Threads class SMR info:
_java_thread_list=0x0000027264557db0, length=31, elements={
0x000002725a677800, 0x000002725a6a5000, 0x000002725a6b4800, 0x000002725a6b5800,
0x000002725afd1800, 0x000002725afd6000, 0x000002725afdb800, 0x000002725b1a0000,
0x000002725b2b7800, 0x000002725b54a000, 0x000002725b393000, 0x000002725b5d5800,
0x0000027262c00800, 0x0000027262bc5800, 0x000002725c624800, 0x000002726242a000,
0x000002726254a000, 0x0000027262549800, 0x0000027262547000, 0x0000027262544800,
0x000002726254b000, 0x0000027262547800, 0x0000027262545800, 0x0000027262546000,
0x00000272711e3000, 0x00000272711e4000, 0x00000272711e1800, 0x00000272711e5800,
0x00000272711e8000, 0x00000272711e4800, 0x000002725f7b2000
}

Java Threads: ( => current thread )
  0x000002725a677800 JavaThread "Reference Handler" daemon [_thread_blocked, id=17284, stack(0x00000095e6100000,0x00000095e6200000)]
  0x000002725a6a5000 JavaThread "Finalizer" daemon [_thread_blocked, id=14484, stack(0x00000095e6200000,0x00000095e6300000)]
  0x000002725a6b4800 JavaThread "Signal Dispatcher" daemon [_thread_blocked, id=13088, stack(0x00000095e6300000,0x00000095e6400000)]
  0x000002725a6b5800 JavaThread "Attach Listener" daemon [_thread_blocked, id=15088, stack(0x00000095e6400000,0x00000095e6500000)]
  0x000002725afd1800 JavaThread "C2 CompilerThread0" daemon [_thread_in_native, id=15528, stack(0x00000095e6500000,0x00000095e6600000)]
  0x000002725afd6000 JavaThread "C1 CompilerThread0" daemon [_thread_blocked, id=17224, stack(0x00000095e6600000,0x00000095e6700000)]
  0x000002725afdb800 JavaThread "Sweeper thread" daemon [_thread_blocked, id=13896, stack(0x00000095e6700000,0x00000095e6800000)]
  0x000002725b1a0000 JavaThread "Common-Cleaner" daemon [_thread_blocked, id=19916, stack(0x00000095e6800000,0x00000095e6900000)]
  0x000002725b2b7800 JavaThread "JDWP Transport Listener: dt_socket" daemon [_thread_blocked, id=8504, stack(0x00000095e6900000,0x00000095e6a00000)]
  0x000002725b54a000 JavaThread "JDWP Event Helper Thread" daemon [_thread_blocked, id=6292, stack(0x00000095e6a00000,0x00000095e6b00000)]
  0x000002725b393000 JavaThread "JDWP Command Reader" daemon [_thread_in_native, id=10756, stack(0x00000095e6b00000,0x00000095e6c00000)]
  0x000002725b5d5800 JavaThread "Service Thread" daemon [_thread_blocked, id=13556, stack(0x00000095e6d00000,0x00000095e6e00000)]
  0x0000027262c00800 JavaThread "HikariPool-1 housekeeper" daemon [_thread_blocked, id=12416, stack(0x00000095e7100000,0x00000095e7200000)]
  0x0000027262bc5800 JavaThread "Catalina-utility-1" [_thread_blocked, id=2984, stack(0x00000095e7400000,0x00000095e7500000)]
  0x000002725c624800 JavaThread "Catalina-utility-2" [_thread_blocked, id=10524, stack(0x00000095e7500000,0x00000095e7600000)]
  0x000002726242a000 JavaThread "container-0" [_thread_blocked, id=7136, stack(0x00000095e7600000,0x00000095e7700000)]
  0x000002726254a000 JavaThread "http-nio-8082-BlockPoller" daemon [_thread_in_native, id=14708, stack(0x00000095e7300000,0x00000095e7400000)]
  0x0000027262549800 JavaThread "http-nio-8082-exec-1" daemon [_thread_blocked, id=19708, stack(0x00000095e7700000,0x00000095e7800000)]
  0x0000027262547000 JavaThread "http-nio-8082-exec-2" daemon [_thread_blocked, id=12104, stack(0x00000095e7800000,0x00000095e7900000)]
  0x0000027262544800 JavaThread "http-nio-8082-exec-3" daemon [_thread_blocked, id=19220, stack(0x00000095e7900000,0x00000095e7a00000)]
  0x000002726254b000 JavaThread "http-nio-8082-exec-4" daemon [_thread_blocked, id=12924, stack(0x00000095e7a00000,0x00000095e7b00000)]
  0x0000027262547800 JavaThread "http-nio-8082-exec-5" daemon [_thread_blocked, id=9260, stack(0x00000095e7b00000,0x00000095e7c00000)]
  0x0000027262545800 JavaThread "http-nio-8082-exec-6" daemon [_thread_blocked, id=11372, stack(0x00000095e7c00000,0x00000095e7d00000)]
  0x0000027262546000 JavaThread "http-nio-8082-exec-7" daemon [_thread_blocked, id=18812, stack(0x00000095e7d00000,0x00000095e7e00000)]
  0x00000272711e3000 JavaThread "http-nio-8082-exec-8" daemon [_thread_blocked, id=14132, stack(0x00000095e7e00000,0x00000095e7f00000)]
  0x00000272711e4000 JavaThread "http-nio-8082-exec-9" daemon [_thread_blocked, id=9112, stack(0x00000095e7f00000,0x00000095e8000000)]
  0x00000272711e1800 JavaThread "http-nio-8082-exec-10" daemon [_thread_blocked, id=10068, stack(0x00000095e8000000,0x00000095e8100000)]
  0x00000272711e5800 JavaThread "http-nio-8082-ClientPoller" daemon [_thread_in_native, id=15532, stack(0x00000095e8100000,0x00000095e8200000)]
  0x00000272711e8000 JavaThread "http-nio-8082-Acceptor" daemon [_thread_in_native, id=2772, stack(0x00000095e8200000,0x00000095e8300000)]
  0x00000272711e4800 JavaThread "DestroyJavaVM" [_thread_blocked, id=17592, stack(0x00000095e5a00000,0x00000095e5b00000)]
=>0x000002725f7b2000 JavaThread "C2 CompilerThread1" daemon [_thread_in_native, id=5840, stack(0x00000095e8400000,0x00000095e8500000)]

Other Threads:
  0x000002725a673800 VMThread "VM Thread" [stack: 0x00000095e6000000,0x00000095e6100000] [id=4220]
  0x000002725b7db800 WatcherThread [stack: 0x00000095e6e00000,0x00000095e6f00000] [id=15368]
  0x000002723a3ab000 GCTaskThread "GC Thread#0" [stack: 0x00000095e5b00000,0x00000095e5c00000] [id=15464]
  0x000002725b9e4800 GCTaskThread "GC Thread#1" [stack: 0x00000095e6c00000,0x00000095e6d00000] [id=13536]
  0x000002725c26f800 GCTaskThread "GC Thread#2" [stack: 0x00000095e6f00000,0x00000095e7000000] [id=7832]
  0x000002725c6a2800 GCTaskThread "GC Thread#3" [stack: 0x00000095e7200000,0x00000095e7300000] [id=4196]
  0x000002723a34c800 ConcurrentGCThread "G1 Main Marker" [stack: 0x00000095e5c00000,0x00000095e5d00000] [id=14728]
  0x000002723a34e000 ConcurrentGCThread "G1 Conc#0" [stack: 0x00000095e5d00000,0x00000095e5e00000] [id=17872]
  0x000002725a4dc800 ConcurrentGCThread "G1 Refine#0" [stack: 0x00000095e5e00000,0x00000095e5f00000] [id=5408]
  0x000002725a4dd000 ConcurrentGCThread "G1 Young RemSet Sampling" [stack: 0x00000095e5f00000,0x00000095e6000000] [id=9520]

Threads with active compile tasks:
C2 CompilerThread07187       4       sun.reflect.generics.parser.SignatureParser::parseFieldTypeSignature (73 bytes)
C2 CompilerThread17176   !   4       org.springframework.util.ClassUtils::getMostSpecificMethod (72 bytes)

VM state:not at safepoint (normal execution)

VM Mutex/Monitor currently owned by a thread: None

Heap address: 0x0000000081e00000, size: 2018 MB, Compressed Oops mode: 32-bit
Narrow klass base: 0x0000000000000000, Narrow klass shift: 3
Compressed class space size: 1073741824 Address: 0x0000000100000000

Heap:
 garbage-first heap   total 189440K, used 59350K [0x0000000081e00000, 0x0000000100000000)
  region size 1024K, 20 young (20480K), 3 survivors (3072K)
 Metaspace       used 82503K, capacity 84240K, committed 84352K, reserved 1122304K
  class space    used 10357K, capacity 11039K, committed 11136K, reserved 1048576K
Heap Regions: E=young(eden), S=young(survivor), O=old, HS=humongous(starts), HC=humongous(continues), CS=collection set, F=free, A=archive, TAMS=top-at-mark-start (previous, next)
|   0|0x0000000081e00000, 0x0000000081f00000, 0x0000000081f00000|100%|HS|  |TAMS 0x0000000081f00000, 0x0000000081e00000| Complete 
|   1|0x0000000081f00000, 0x0000000082000000, 0x0000000082000000|100%| O|  |TAMS 0x0000000082000000, 0x0000000081f00000| Untracked 
|   2|0x0000000082000000, 0x0000000082100000, 0x0000000082100000|100%| O|  |TAMS 0x0000000082100000, 0x0000000082000000| Untracked 
|   3|0x0000000082100000, 0x0000000082200000, 0x0000000082200000|100%| O|  |TAMS 0x0000000082200000, 0x0000000082100000| Untracked 
|   4|0x0000000082200000, 0x0000000082300000, 0x0000000082300000|100%| O|  |TAMS 0x0000000082300000, 0x0000000082200000| Untracked 
|   5|0x0000000082300000, 0x0000000082400000, 0x0000000082400000|100%| O|  |TAMS 0x0000000082400000, 0x0000000082300000| Untracked 
|   6|0x0000000082400000, 0x0000000082500000, 0x0000000082500000|100%| O|  |TAMS 0x0000000082500000, 0x0000000082400000| Untracked 
|   7|0x0000000082500000, 0x0000000082600000, 0x0000000082600000|100%| O|  |TAMS 0x0000000082600000, 0x0000000082500000| Untracked 
|   8|0x0000000082600000, 0x0000000082700000, 0x0000000082700000|100%| O|  |TAMS 0x0000000082700000, 0x0000000082600000| Untracked 
|   9|0x0000000082700000, 0x0000000082800000, 0x0000000082800000|100%| O|  |TAMS 0x0000000082800000, 0x0000000082700000| Untracked 
|  10|0x0000000082800000, 0x0000000082900000, 0x0000000082900000|100%| O|  |TAMS 0x0000000082900000, 0x0000000082800000| Untracked 
|  11|0x0000000082900000, 0x0000000082a00000, 0x0000000082a00000|100%| O|  |TAMS 0x0000000082900000, 0x0000000082900000| Untracked 
|  12|0x0000000082a00000, 0x0000000082b00000, 0x0000000082b00000|100%| O|  |TAMS 0x0000000082b00000, 0x0000000082a00000| Untracked 
|  13|0x0000000082b00000, 0x0000000082c00000, 0x0000000082c00000|100%| O|  |TAMS 0x0000000082c00000, 0x0000000082b00000| Untracked 
|  14|0x0000000082c00000, 0x0000000082d00000, 0x0000000082d00000|100%| O|  |TAMS 0x0000000082d00000, 0x0000000082c00000| Untracked 
|  15|0x0000000082d00000, 0x0000000082e00000, 0x0000000082e00000|100%| O|  |TAMS 0x0000000082dade00, 0x0000000082d00000| Untracked 
|  16|0x0000000082e00000, 0x0000000082f00000, 0x0000000082f00000|100%| O|  |TAMS 0x0000000082e00000, 0x0000000082e00000| Untracked 
|  17|0x0000000082f00000, 0x0000000083000000, 0x0000000083000000|100%| O|  |TAMS 0x0000000082f00000, 0x0000000082f00000| Untracked 
|  18|0x0000000083000000, 0x0000000083100000, 0x0000000083100000|100%| O|  |TAMS 0x0000000083000000, 0x0000000083000000| Untracked 
|  19|0x0000000083100000, 0x0000000083200000, 0x0000000083200000|100%| O|  |TAMS 0x0000000083100000, 0x0000000083100000| Untracked 
|  20|0x0000000083200000, 0x0000000083200000, 0x0000000083300000|  0%| F|  |TAMS 0x0000000083200000, 0x0000000083200000| Untracked 
|  21|0x0000000083300000, 0x0000000083300000, 0x0000000083400000|  0%| F|  |TAMS 0x0000000083300000, 0x0000000083300000| Untracked 
|  22|0x0000000083400000, 0x0000000083500000, 0x0000000083500000|100%| O|  |TAMS 0x0000000083400000, 0x0000000083400000| Untracked 
|  23|0x0000000083500000, 0x0000000083600000, 0x0000000083600000|100%| O|  |TAMS 0x0000000083500000, 0x0000000083500000| Untracked 
|  24|0x0000000083600000, 0x0000000083700000, 0x0000000083700000|100%| O|  |TAMS 0x0000000083600000, 0x0000000083600000| Untracked 
|  25|0x0000000083700000, 0x0000000083800000, 0x0000000083800000|100%| O|  |TAMS 0x0000000083700000, 0x0000000083700000| Untracked 
|  26|0x0000000083800000, 0x0000000083900000, 0x0000000083900000|100%| O|  |TAMS 0x0000000083800000, 0x0000000083800000| Untracked 
|  27|0x0000000083900000, 0x0000000083a00000, 0x0000000083a00000|100%| O|  |TAMS 0x0000000083900000, 0x0000000083900000| Untracked 
|  28|0x0000000083a00000, 0x0000000083b00000, 0x0000000083b00000|100%| O|  |TAMS 0x0000000083a00000, 0x0000000083a00000| Untracked 
|  29|0x0000000083b00000, 0x0000000083c00000, 0x0000000083c00000|100%| O|  |TAMS 0x0000000083b00000, 0x0000000083b00000| Untracked 
|  30|0x0000000083c00000, 0x0000000083d00000, 0x0000000083d00000|100%| O|  |TAMS 0x0000000083c00000, 0x0000000083c00000| Untracked 
|  31|0x0000000083d00000, 0x0000000083e00000, 0x0000000083e00000|100%| O|  |TAMS 0x0000000083d00000, 0x0000000083d00000| Untracked 
|  32|0x0000000083e00000, 0x0000000083f00000, 0x0000000083f00000|100%| O|  |TAMS 0x0000000083e00000, 0x0000000083e00000| Untracked 
|  33|0x0000000083f00000, 0x0000000084000000, 0x0000000084000000|100%| O|  |TAMS 0x0000000083f00000, 0x0000000083f00000| Untracked 
|  34|0x0000000084000000, 0x0000000084100000, 0x0000000084100000|100%| O|  |TAMS 0x0000000084000000, 0x0000000084000000| Untracked 
|  35|0x0000000084100000, 0x0000000084200000, 0x0000000084200000|100%| O|  |TAMS 0x0000000084100000, 0x0000000084100000| Untracked 
|  36|0x0000000084200000, 0x0000000084300000, 0x0000000084300000|100%| O|  |TAMS 0x0000000084200000, 0x0000000084200000| Untracked 
|  37|0x0000000084300000, 0x0000000084400000, 0x0000000084400000|100%| O|  |TAMS 0x0000000084300000, 0x0000000084300000| Untracked 
|  38|0x0000000084400000, 0x0000000084500000, 0x0000000084500000|100%| O|  |TAMS 0x0000000084400000, 0x0000000084400000| Untracked 
|  39|0x0000000084500000, 0x0000000084600000, 0x0000000084600000|100%| O|  |TAMS 0x0000000084500000, 0x0000000084500000| Untracked 
|  40|0x0000000084600000, 0x0000000084700000, 0x0000000084700000|100%| O|  |TAMS 0x0000000084600000, 0x0000000084600000| Untracked 
|  41|0x0000000084700000, 0x00000000847f5a00, 0x0000000084800000| 95%| O|  |TAMS 0x0000000084700000, 0x0000000084700000| Untracked 
|  42|0x0000000084800000, 0x0000000084800000, 0x0000000084900000|  0%| F|  |TAMS 0x0000000084800000, 0x0000000084800000| Untracked 
|  43|0x0000000084900000, 0x0000000084900000, 0x0000000084a00000|  0%| F|  |TAMS 0x0000000084900000, 0x0000000084900000| Untracked 
|  44|0x0000000084a00000, 0x0000000084a00000, 0x0000000084b00000|  0%| F|  |TAMS 0x0000000084a00000, 0x0000000084a00000| Untracked 
|  45|0x0000000084b00000, 0x0000000084b00000, 0x0000000084c00000|  0%| F|  |TAMS 0x0000000084b00000, 0x0000000084b00000| Untracked 
|  46|0x0000000084c00000, 0x0000000084c00000, 0x0000000084d00000|  0%| F|  |TAMS 0x0000000084c00000, 0x0000000084c00000| Untracked 
|  47|0x0000000084d00000, 0x0000000084d00000, 0x0000000084e00000|  0%| F|  |TAMS 0x0000000084d00000, 0x0000000084d00000| Untracked 
|  48|0x0000000084e00000, 0x0000000084e00000, 0x0000000084f00000|  0%| F|  |TAMS 0x0000000084e00000, 0x0000000084e00000| Untracked 
|  49|0x0000000084f00000, 0x0000000084f00000, 0x0000000085000000|  0%| F|  |TAMS 0x0000000084f00000, 0x0000000084f00000| Untracked 
|  50|0x0000000085000000, 0x0000000085000000, 0x0000000085100000|  0%| F|  |TAMS 0x0000000085000000, 0x0000000085000000| Untracked 
|  51|0x0000000085100000, 0x0000000085100000, 0x0000000085200000|  0%| F|  |TAMS 0x0000000085100000, 0x0000000085100000| Untracked 
|  52|0x0000000085200000, 0x0000000085200000, 0x0000000085300000|  0%| F|  |TAMS 0x0000000085200000, 0x0000000085200000| Untracked 
|  53|0x0000000085300000, 0x0000000085300000, 0x0000000085400000|  0%| F|  |TAMS 0x0000000085300000, 0x0000000085300000| Untracked 
|  54|0x0000000085400000, 0x0000000085400000, 0x0000000085500000|  0%| F|  |TAMS 0x0000000085400000, 0x0000000085400000| Untracked 
|  55|0x0000000085500000, 0x0000000085500000, 0x0000000085600000|  0%| F|  |TAMS 0x0000000085500000, 0x0000000085500000| Untracked 
|  56|0x0000000085600000, 0x0000000085600000, 0x0000000085700000|  0%| F|  |TAMS 0x0000000085600000, 0x0000000085600000| Untracked 
|  57|0x0000000085700000, 0x0000000085700000, 0x0000000085800000|  0%| F|  |TAMS 0x0000000085700000, 0x0000000085700000| Untracked 
|  58|0x0000000085800000, 0x0000000085800000, 0x0000000085900000|  0%| F|  |TAMS 0x0000000085800000, 0x0000000085800000| Untracked 
|  59|0x0000000085900000, 0x0000000085900000, 0x0000000085a00000|  0%| F|  |TAMS 0x0000000085900000, 0x0000000085900000| Untracked 
|  60|0x0000000085a00000, 0x0000000085a00000, 0x0000000085b00000|  0%| F|  |TAMS 0x0000000085a00000, 0x0000000085a00000| Untracked 
|  61|0x0000000085b00000, 0x0000000085b00000, 0x0000000085c00000|  0%| F|  |TAMS 0x0000000085b00000, 0x0000000085b00000| Untracked 
|  62|0x0000000085c00000, 0x0000000085c00000, 0x0000000085d00000|  0%| F|  |TAMS 0x0000000085c00000, 0x0000000085c00000| Untracked 
|  63|0x0000000085d00000, 0x0000000085d00000, 0x0000000085e00000|  0%| F|  |TAMS 0x0000000085d00000, 0x0000000085d00000| Untracked 
|  64|0x0000000085e00000, 0x0000000085e00000, 0x0000000085f00000|  0%| F|  |TAMS 0x0000000085e00000, 0x0000000085e00000| Untracked 
|  65|0x0000000085f00000, 0x0000000085f00000, 0x0000000086000000|  0%| F|  |TAMS 0x0000000085f00000, 0x0000000085f00000| Untracked 
|  66|0x0000000086000000, 0x0000000086000000, 0x0000000086100000|  0%| F|  |TAMS 0x0000000086000000, 0x0000000086000000| Untracked 
|  67|0x0000000086100000, 0x0000000086100000, 0x0000000086200000|  0%| F|  |TAMS 0x0000000086100000, 0x0000000086100000| Untracked 
|  68|0x0000000086200000, 0x0000000086200000, 0x0000000086300000|  0%| F|  |TAMS 0x0000000086200000, 0x0000000086200000| Untracked 
|  69|0x0000000086300000, 0x0000000086300000, 0x0000000086400000|  0%| F|  |TAMS 0x0000000086300000, 0x0000000086300000| Untracked 
|  70|0x0000000086400000, 0x0000000086400000, 0x0000000086500000|  0%| F|  |TAMS 0x0000000086400000, 0x0000000086400000| Untracked 
|  71|0x0000000086500000, 0x0000000086500000, 0x0000000086600000|  0%| F|  |TAMS 0x0000000086500000, 0x0000000086500000| Untracked 
|  72|0x0000000086600000, 0x0000000086600000, 0x0000000086700000|  0%| F|  |TAMS 0x0000000086600000, 0x0000000086600000| Untracked 
|  73|0x0000000086700000, 0x0000000086700000, 0x0000000086800000|  0%| F|  |TAMS 0x0000000086700000, 0x0000000086700000| Untracked 
|  74|0x0000000086800000, 0x0000000086800000, 0x0000000086900000|  0%| F|  |TAMS 0x0000000086800000, 0x0000000086800000| Untracked 
|  75|0x0000000086900000, 0x0000000086900000, 0x0000000086a00000|  0%| F|  |TAMS 0x0000000086900000, 0x0000000086900000| Untracked 
|  76|0x0000000086a00000, 0x0000000086a00000, 0x0000000086b00000|  0%| F|  |TAMS 0x0000000086a00000, 0x0000000086a00000| Untracked 
|  77|0x0000000086b00000, 0x0000000086b00000, 0x0000000086c00000|  0%| F|  |TAMS 0x0000000086b00000, 0x0000000086b00000| Untracked 
|  78|0x0000000086c00000, 0x0000000086c00000, 0x0000000086d00000|  0%| F|  |TAMS 0x0000000086c00000, 0x0000000086c00000| Untracked 
|  79|0x0000000086d00000, 0x0000000086d00000, 0x0000000086e00000|  0%| F|  |TAMS 0x0000000086d00000, 0x0000000086d00000| Untracked 
|  80|0x0000000086e00000, 0x0000000086e00000, 0x0000000086f00000|  0%| F|  |TAMS 0x0000000086e00000, 0x0000000086e00000| Untracked 
|  81|0x0000000086f00000, 0x0000000086f00000, 0x0000000087000000|  0%| F|  |TAMS 0x0000000086f00000, 0x0000000086f00000| Untracked 
|  82|0x0000000087000000, 0x0000000087000000, 0x0000000087100000|  0%| F|  |TAMS 0x0000000087000000, 0x0000000087000000| Untracked 
|  83|0x0000000087100000, 0x0000000087100000, 0x0000000087200000|  0%| F|  |TAMS 0x0000000087100000, 0x0000000087100000| Untracked 
|  84|0x0000000087200000, 0x0000000087200000, 0x0000000087300000|  0%| F|  |TAMS 0x0000000087200000, 0x0000000087200000| Untracked 
|  85|0x0000000087300000, 0x0000000087300000, 0x0000000087400000|  0%| F|  |TAMS 0x0000000087300000, 0x0000000087300000| Untracked 
|  86|0x0000000087400000, 0x0000000087400000, 0x0000000087500000|  0%| F|  |TAMS 0x0000000087400000, 0x0000000087400000| Untracked 
|  87|0x0000000087500000, 0x0000000087500000, 0x0000000087600000|  0%| F|  |TAMS 0x0000000087500000, 0x0000000087500000| Untracked 
|  88|0x0000000087600000, 0x0000000087600000, 0x0000000087700000|  0%| F|  |TAMS 0x0000000087600000, 0x0000000087600000| Untracked 
|  89|0x0000000087700000, 0x0000000087700000, 0x0000000087800000|  0%| F|  |TAMS 0x0000000087700000, 0x0000000087700000| Untracked 
|  90|0x0000000087800000, 0x0000000087800000, 0x0000000087900000|  0%| F|  |TAMS 0x0000000087800000, 0x0000000087800000| Untracked 
|  91|0x0000000087900000, 0x0000000087900000, 0x0000000087a00000|  0%| F|  |TAMS 0x0000000087900000, 0x0000000087900000| Untracked 
|  92|0x0000000087a00000, 0x0000000087a00000, 0x0000000087b00000|  0%| F|  |TAMS 0x0000000087a00000, 0x0000000087a00000| Untracked 
|  93|0x0000000087b00000, 0x0000000087b00000, 0x0000000087c00000|  0%| F|  |TAMS 0x0000000087b00000, 0x0000000087b00000| Untracked 
|  94|0x0000000087c00000, 0x0000000087c00000, 0x0000000087d00000|  0%| F|  |TAMS 0x0000000087c00000, 0x0000000087c00000| Untracked 
|  95|0x0000000087d00000, 0x0000000087e00000, 0x0000000087e00000|100%| S|CS|TAMS 0x0000000087d00000, 0x0000000087d00000| Complete 
|  96|0x0000000087e00000, 0x0000000087f00000, 0x0000000087f00000|100%| S|CS|TAMS 0x0000000087e00000, 0x0000000087e00000| Complete 
|  97|0x0000000087f00000, 0x0000000088000000, 0x0000000088000000|100%| S|CS|TAMS 0x0000000087f00000, 0x0000000087f00000| Complete 
|  98|0x0000000088000000, 0x0000000088000000, 0x0000000088100000|  0%| F|  |TAMS 0x0000000088000000, 0x0000000088000000| Untracked 
|  99|0x0000000088100000, 0x0000000088100000, 0x0000000088200000|  0%| F|  |TAMS 0x0000000088100000, 0x0000000088100000| Untracked 
| 100|0x0000000088200000, 0x0000000088200000, 0x0000000088300000|  0%| F|  |TAMS 0x0000000088200000, 0x0000000088200000| Untracked 
| 101|0x0000000088300000, 0x0000000088300000, 0x0000000088400000|  0%| F|  |TAMS 0x0000000088300000, 0x0000000088300000| Untracked 
| 102|0x0000000088400000, 0x0000000088400000, 0x0000000088500000|  0%| F|  |TAMS 0x0000000088400000, 0x0000000088400000| Untracked 
| 103|0x0000000088500000, 0x0000000088500000, 0x0000000088600000|  0%| F|  |TAMS 0x0000000088500000, 0x0000000088500000| Untracked 
| 104|0x0000000088600000, 0x0000000088600000, 0x0000000088700000|  0%| F|  |TAMS 0x0000000088600000, 0x0000000088600000| Untracked 
| 105|0x0000000088700000, 0x0000000088700000, 0x0000000088800000|  0%| F|  |TAMS 0x0000000088700000, 0x0000000088700000| Untracked 
| 106|0x0000000088800000, 0x0000000088800000, 0x0000000088900000|  0%| F|  |TAMS 0x0000000088800000, 0x0000000088800000| Untracked 
| 107|0x0000000088900000, 0x0000000088900000, 0x0000000088a00000|  0%| F|  |TAMS 0x0000000088900000, 0x0000000088900000| Untracked 
| 108|0x0000000088a00000, 0x0000000088a00000, 0x0000000088b00000|  0%| F|  |TAMS 0x0000000088a00000, 0x0000000088a00000| Untracked 
| 109|0x0000000088b00000, 0x0000000088b00000, 0x0000000088c00000|  0%| F|  |TAMS 0x0000000088b00000, 0x0000000088b00000| Untracked 
| 110|0x0000000088c00000, 0x0000000088c00000, 0x0000000088d00000|  0%| F|  |TAMS 0x0000000088c00000, 0x0000000088c00000| Untracked 
| 111|0x0000000088d00000, 0x0000000088d00000, 0x0000000088e00000|  0%| F|  |TAMS 0x0000000088d00000, 0x0000000088d00000| Untracked 
| 112|0x0000000088e00000, 0x0000000088e00000, 0x0000000088f00000|  0%| F|  |TAMS 0x0000000088e00000, 0x0000000088e00000| Untracked 
| 113|0x0000000088f00000, 0x0000000088f00000, 0x0000000089000000|  0%| F|  |TAMS 0x0000000088f00000, 0x0000000088f00000| Untracked 
| 114|0x0000000089000000, 0x0000000089000000, 0x0000000089100000|  0%| F|  |TAMS 0x0000000089000000, 0x0000000089000000| Untracked 
| 115|0x0000000089100000, 0x0000000089100000, 0x0000000089200000|  0%| F|  |TAMS 0x0000000089100000, 0x0000000089100000| Untracked 
| 116|0x0000000089200000, 0x0000000089200000, 0x0000000089300000|  0%| F|  |TAMS 0x0000000089200000, 0x0000000089200000| Untracked 
| 117|0x0000000089300000, 0x0000000089300000, 0x0000000089400000|  0%| F|  |TAMS 0x0000000089300000, 0x0000000089300000| Untracked 
| 118|0x0000000089400000, 0x0000000089400000, 0x0000000089500000|  0%| F|  |TAMS 0x0000000089400000, 0x0000000089400000| Untracked 
| 119|0x0000000089500000, 0x0000000089500000, 0x0000000089600000|  0%| F|  |TAMS 0x0000000089500000, 0x0000000089500000| Untracked 
| 120|0x0000000089600000, 0x0000000089600000, 0x0000000089700000|  0%| F|  |TAMS 0x0000000089600000, 0x0000000089600000| Untracked 
| 121|0x0000000089700000, 0x0000000089700000, 0x0000000089800000|  0%| F|  |TAMS 0x0000000089700000, 0x0000000089700000| Untracked 
| 122|0x0000000089800000, 0x0000000089800000, 0x0000000089900000|  0%| F|  |TAMS 0x0000000089800000, 0x0000000089800000| Untracked 
| 123|0x0000000089900000, 0x0000000089900000, 0x0000000089a00000|  0%| F|  |TAMS 0x0000000089900000, 0x0000000089900000| Untracked 
| 124|0x0000000089a00000, 0x0000000089a00000, 0x0000000089b00000|  0%| F|  |TAMS 0x0000000089a00000, 0x0000000089a00000| Untracked 
| 125|0x0000000089b00000, 0x0000000089b00000, 0x0000000089c00000|  0%| F|  |TAMS 0x0000000089b00000, 0x0000000089b00000| Untracked 
| 126|0x0000000089c00000, 0x0000000089c00000, 0x0000000089d00000|  0%| F|  |TAMS 0x0000000089c00000, 0x0000000089c00000| Untracked 
| 127|0x0000000089d00000, 0x0000000089d00000, 0x0000000089e00000|  0%| F|  |TAMS 0x0000000089d00000, 0x0000000089d00000| Untracked 
| 128|0x0000000089e00000, 0x0000000089e00000, 0x0000000089f00000|  0%| F|  |TAMS 0x0000000089e00000, 0x0000000089e00000| Untracked 
| 129|0x0000000089f00000, 0x0000000089f00000, 0x000000008a000000|  0%| F|  |TAMS 0x0000000089f00000, 0x0000000089f00000| Untracked 
| 130|0x000000008a000000, 0x000000008a000000, 0x000000008a100000|  0%| F|  |TAMS 0x000000008a000000, 0x000000008a000000| Untracked 
| 131|0x000000008a100000, 0x000000008a100000, 0x000000008a200000|  0%| F|  |TAMS 0x000000008a100000, 0x000000008a100000| Untracked 
| 132|0x000000008a200000, 0x000000008a200000, 0x000000008a300000|  0%| F|  |TAMS 0x000000008a200000, 0x000000008a200000| Untracked 
| 133|0x000000008a300000, 0x000000008a300000, 0x000000008a400000|  0%| F|  |TAMS 0x000000008a300000, 0x000000008a300000| Untracked 
| 134|0x000000008a400000, 0x000000008a400000, 0x000000008a500000|  0%| F|  |TAMS 0x000000008a400000, 0x000000008a400000| Untracked 
| 135|0x000000008a500000, 0x000000008a500000, 0x000000008a600000|  0%| F|  |TAMS 0x000000008a500000, 0x000000008a500000| Untracked 
| 136|0x000000008a600000, 0x000000008a600000, 0x000000008a700000|  0%| F|  |TAMS 0x000000008a600000, 0x000000008a600000| Untracked 
| 137|0x000000008a700000, 0x000000008a700000, 0x000000008a800000|  0%| F|  |TAMS 0x000000008a700000, 0x000000008a700000| Untracked 
| 138|0x000000008a800000, 0x000000008a800000, 0x000000008a900000|  0%| F|  |TAMS 0x000000008a800000, 0x000000008a800000| Untracked 
| 139|0x000000008a900000, 0x000000008a900000, 0x000000008aa00000|  0%| F|  |TAMS 0x000000008a900000, 0x000000008a900000| Untracked 
| 140|0x000000008aa00000, 0x000000008aa00000, 0x000000008ab00000|  0%| F|  |TAMS 0x000000008aa00000, 0x000000008aa00000| Untracked 
| 141|0x000000008ab00000, 0x000000008ab00000, 0x000000008ac00000|  0%| F|  |TAMS 0x000000008ab00000, 0x000000008ab00000| Untracked 
| 142|0x000000008ac00000, 0x000000008ac00000, 0x000000008ad00000|  0%| F|  |TAMS 0x000000008ac00000, 0x000000008ac00000| Untracked 
| 143|0x000000008ad00000, 0x000000008ad00000, 0x000000008ae00000|  0%| F|  |TAMS 0x000000008ad00000, 0x000000008ad00000| Untracked 
| 144|0x000000008ae00000, 0x000000008ae00000, 0x000000008af00000|  0%| F|  |TAMS 0x000000008ae00000, 0x000000008ae00000| Untracked 
| 145|0x000000008af00000, 0x000000008af00000, 0x000000008b000000|  0%| F|  |TAMS 0x000000008af00000, 0x000000008af00000| Untracked 
| 146|0x000000008b000000, 0x000000008b000000, 0x000000008b100000|  0%| F|  |TAMS 0x000000008b000000, 0x000000008b000000| Untracked 
| 147|0x000000008b100000, 0x000000008b100000, 0x000000008b200000|  0%| F|  |TAMS 0x000000008b100000, 0x000000008b100000| Untracked 
| 148|0x000000008b200000, 0x000000008b200000, 0x000000008b300000|  0%| F|  |TAMS 0x000000008b200000, 0x000000008b200000| Untracked 
| 149|0x000000008b300000, 0x000000008b300000, 0x000000008b400000|  0%| F|  |TAMS 0x000000008b300000, 0x000000008b300000| Untracked 
| 150|0x000000008b400000, 0x000000008b400000, 0x000000008b500000|  0%| F|  |TAMS 0x000000008b400000, 0x000000008b400000| Untracked 
| 151|0x000000008b500000, 0x000000008b500000, 0x000000008b600000|  0%| F|  |TAMS 0x000000008b500000, 0x000000008b500000| Untracked 
| 152|0x000000008b600000, 0x000000008b600000, 0x000000008b700000|  0%| F|  |TAMS 0x000000008b600000, 0x000000008b600000| Untracked 
| 153|0x000000008b700000, 0x000000008b700000, 0x000000008b800000|  0%| F|  |TAMS 0x000000008b700000, 0x000000008b700000| Untracked 
| 154|0x000000008b800000, 0x000000008b800000, 0x000000008b900000|  0%| F|  |TAMS 0x000000008b800000, 0x000000008b800000| Untracked 
| 155|0x000000008b900000, 0x000000008b900000, 0x000000008ba00000|  0%| F|  |TAMS 0x000000008b900000, 0x000000008b900000| Untracked 
| 156|0x000000008ba00000, 0x000000008ba00000, 0x000000008bb00000|  0%| F|  |TAMS 0x000000008ba00000, 0x000000008ba00000| Untracked 
| 157|0x000000008bb00000, 0x000000008bb00000, 0x000000008bc00000|  0%| F|  |TAMS 0x000000008bb00000, 0x000000008bb00000| Untracked 
| 158|0x000000008bc00000, 0x000000008bc00000, 0x000000008bd00000|  0%| F|  |TAMS 0x000000008bc00000, 0x000000008bc00000| Untracked 
| 159|0x000000008bd00000, 0x000000008bd00000, 0x000000008be00000|  0%| F|  |TAMS 0x000000008bd00000, 0x000000008bd00000| Untracked 
| 160|0x000000008be00000, 0x000000008be00000, 0x000000008bf00000|  0%| F|  |TAMS 0x000000008be00000, 0x000000008be00000| Untracked 
| 161|0x000000008bf00000, 0x000000008bf00000, 0x000000008c000000|  0%| F|  |TAMS 0x000000008bf00000, 0x000000008bf00000| Untracked 
| 162|0x000000008c000000, 0x000000008c000000, 0x000000008c100000|  0%| F|  |TAMS 0x000000008c000000, 0x000000008c000000| Untracked 
| 163|0x000000008c100000, 0x000000008c100000, 0x000000008c200000|  0%| F|  |TAMS 0x000000008c100000, 0x000000008c100000| Untracked 
| 164|0x000000008c200000, 0x000000008c200000, 0x000000008c300000|  0%| F|  |TAMS 0x000000008c200000, 0x000000008c200000| Untracked 
| 165|0x000000008c300000, 0x000000008c300000, 0x000000008c400000|  0%| F|  |TAMS 0x000000008c300000, 0x000000008c300000| Untracked 
| 166|0x000000008c400000, 0x000000008c400000, 0x000000008c500000|  0%| F|  |TAMS 0x000000008c400000, 0x000000008c400000| Untracked 
| 167|0x000000008c500000, 0x000000008c500000, 0x000000008c600000|  0%| F|  |TAMS 0x000000008c500000, 0x000000008c500000| Untracked 
| 168|0x000000008c600000, 0x000000008c6ef9a8, 0x000000008c700000| 93%| E|  |TAMS 0x000000008c600000, 0x000000008c600000| Complete 
| 169|0x000000008c700000, 0x000000008c800000, 0x000000008c800000|100%| E|CS|TAMS 0x000000008c700000, 0x000000008c700000| Complete 
| 170|0x000000008c800000, 0x000000008c900000, 0x000000008c900000|100%| E|CS|TAMS 0x000000008c800000, 0x000000008c800000| Complete 
| 171|0x000000008c900000, 0x000000008ca00000, 0x000000008ca00000|100%| E|  |TAMS 0x000000008c900000, 0x000000008c900000| Complete 
| 172|0x000000008ca00000, 0x000000008cb00000, 0x000000008cb00000|100%| E|CS|TAMS 0x000000008ca00000, 0x000000008ca00000| Complete 
| 173|0x000000008cb00000, 0x000000008cc00000, 0x000000008cc00000|100%| E|CS|TAMS 0x000000008cb00000, 0x000000008cb00000| Complete 
| 174|0x000000008cc00000, 0x000000008cd00000, 0x000000008cd00000|100%| E|CS|TAMS 0x000000008cc00000, 0x000000008cc00000| Complete 
| 175|0x000000008cd00000, 0x000000008ce00000, 0x000000008ce00000|100%| E|CS|TAMS 0x000000008cd00000, 0x000000008cd00000| Complete 
| 176|0x000000008ce00000, 0x000000008cf00000, 0x000000008cf00000|100%| E|CS|TAMS 0x000000008ce00000, 0x000000008ce00000| Complete 
| 177|0x000000008cf00000, 0x000000008d000000, 0x000000008d000000|100%| E|CS|TAMS 0x000000008cf00000, 0x000000008cf00000| Complete 
| 178|0x000000008d000000, 0x000000008d100000, 0x000000008d100000|100%| E|CS|TAMS 0x000000008d000000, 0x000000008d000000| Complete 
| 179|0x000000008d100000, 0x000000008d200000, 0x000000008d200000|100%| E|CS|TAMS 0x000000008d100000, 0x000000008d100000| Complete 
| 180|0x000000008d200000, 0x000000008d300000, 0x000000008d300000|100%| E|CS|TAMS 0x000000008d200000, 0x000000008d200000| Complete 
| 181|0x000000008d300000, 0x000000008d400000, 0x000000008d400000|100%| E|CS|TAMS 0x000000008d300000, 0x000000008d300000| Complete 
| 182|0x000000008d400000, 0x000000008d500000, 0x000000008d500000|100%| E|CS|TAMS 0x000000008d400000, 0x000000008d400000| Complete 
| 183|0x000000008d500000, 0x000000008d600000, 0x000000008d600000|100%| E|CS|TAMS 0x000000008d500000, 0x000000008d500000| Complete 
| 184|0x000000008d600000, 0x000000008d700000, 0x000000008d700000|100%| E|CS|TAMS 0x000000008d600000, 0x000000008d600000| Complete 

Card table byte_map: [0x0000027253910000,0x0000027253d10000] _byte_map_base: 0x0000027253501000

Marking Bits (Prev, Next): (CMBitMap*) 0x000002723a34bf70, (CMBitMap*) 0x000002723a34bf38
 Prev Bits: [0x00000272560a0000, 0x0000027258028000)
 Next Bits: [0x0000027254110000, 0x0000027256098000)

Polling page: 0x000002723a200000

Metaspace:

Usage:
  Non-class:     71.49 MB capacity,    70.45 MB ( 99%) used,   818.54 KB (  1%) free+waste,   236.69 KB ( <1%) overhead. 
      Class:     10.78 MB capacity,    10.12 MB ( 94%) used,   575.85 KB (  5%) free+waste,   105.31 KB ( <1%) overhead. 
       Both:     82.27 MB capacity,    80.57 MB ( 98%) used,     1.36 MB (  2%) free+waste,   342.00 KB ( <1%) overhead. 

Virtual space:
  Non-class space:       72.00 MB reserved,      71.50 MB (>99%) committed 
      Class space:        1.00 GB reserved,      10.88 MB (  1%) committed 
             Both:        1.07 GB reserved,      82.38 MB (  8%) committed 

Chunk freelists:
   Non-Class:  1.88 KB
       Class:  128 bytes
        Both:  2.00 KB

CodeHeap 'non-profiled nmethods': size=120064Kb used=5979Kb max_used=5979Kb free=114084Kb
 bounds [0x000002724b9b0000, 0x000002724bf90000, 0x0000027252ef0000]
CodeHeap 'profiled nmethods': size=120000Kb used=15863Kb max_used=15863Kb free=104136Kb
 bounds [0x0000027244480000, 0x0000027245410000, 0x000002724b9b0000]
CodeHeap 'non-nmethods': size=5696Kb used=1338Kb max_used=1440Kb free=4357Kb
 bounds [0x0000027243ef0000, 0x0000027244160000, 0x0000027244480000]
 total_blobs=9015 nmethods=6890 adapters=555
 compilation: enabled
              stopped_count=0, restarted_count=0
 full_count=0

Compilation events (10 events):
Event: 36.208 Thread 0x000002725afd6000 7199       3       com.fasterxml.jackson.databind.introspect.AnnotatedMethod::getParameterCount (6 bytes)
Event: 36.208 Thread 0x000002725afd6000 nmethod 7199 0x00000272453feb10 code [0x00000272453fed00, 0x00000272453ff190]
Event: 36.208 Thread 0x000002725afd6000 7200       1       com.fasterxml.jackson.databind.introspect.AnnotatedParameter::getIndex (5 bytes)
Event: 36.208 Thread 0x000002725afd6000 nmethod 7200 0x000002724bf7d190 code [0x000002724bf7d340, 0x000002724bf7d458]
Event: 36.210 Thread 0x000002725afd6000 7201       3       java.nio.StringCharBuffer::get (19 bytes)
Event: 36.210 Thread 0x000002725afd6000 nmethod 7201 0x00000272453ff310 code [0x00000272453ff500, 0x00000272453ff8c0]
Event: 36.211 Thread 0x000002725afd6000 7202       3       org.apache.tomcat.util.buf.AbstractChunk::recycle (21 bytes)
Event: 36.211 Thread 0x000002725afd6000 nmethod 7202 0x00000272453ffa10 code [0x00000272453ffbc0, 0x00000272453ffd38]
Event: 36.321 Thread 0x000002725afd1800 nmethod 7145 0x000002724bf7d510 code [0x000002724bf7d9a0, 0x000002724bf84230]
Event: 36.322 Thread 0x000002725afd1800 7187       4       sun.reflect.generics.parser.SignatureParser::parseFieldTypeSignature (73 bytes)

GC Heap History (10 events):
Event: 11.626 GC heap before
{Heap before GC invocations=14 (full 0):
 garbage-first heap   total 157696K, used 99525K [0x0000000081e00000, 0x0000000100000000)
  region size 1024K, 83 young (84992K), 8 survivors (8192K)
 Metaspace       used 65625K, capacity 66967K, committed 67200K, reserved 1107968K
  class space    used 8315K, capacity 8818K, committed 8832K, reserved 1048576K
}
Event: 11.640 GC heap after
{Heap after GC invocations=15 (full 0):
 garbage-first heap   total 189440K, used 25385K [0x0000000081e00000, 0x0000000100000000)
  region size 1024K, 8 young (8192K), 8 survivors (8192K)
 Metaspace       used 65625K, capacity 66967K, committed 67200K, reserved 1107968K
  class space    used 8315K, capacity 8818K, committed 8832K, reserved 1048576K
}
Event: 12.447 GC heap before
{Heap before GC invocations=15 (full 0):
 garbage-first heap   total 189440K, used 123689K [0x0000000081e00000, 0x0000000100000000)
  region size 1024K, 104 young (106496K), 8 survivors (8192K)
 Metaspace       used 67159K, capacity 68590K, committed 68736K, reserved 1110016K
  class space    used 8495K, capacity 9008K, committed 9088K, reserved 1048576K
}
Event: 12.459 GC heap after
{Heap after GC invocations=16 (full 0):
 garbage-first heap   total 189440K, used 26960K [0x0000000081e00000, 0x0000000100000000)
  region size 1024K, 7 young (7168K), 7 survivors (7168K)
 Metaspace       used 67159K, capacity 68590K, committed 68736K, reserved 1110016K
  class space    used 8495K, capacity 9008K, committed 9088K, reserved 1048576K
}
Event: 14.498 GC heap before
{Heap before GC invocations=16 (full 0):
 garbage-first heap   total 189440K, used 134480K [0x0000000081e00000, 0x0000000100000000)
  region size 1024K, 111 young (113664K), 7 survivors (7168K)
 Metaspace       used 75414K, capacity 77086K, committed 77312K, reserved 1116160K
  class space    used 9569K, capacity 10178K, committed 10240K, reserved 1048576K
}
Event: 14.514 GC heap after
{Heap after GC invocations=17 (full 0):
 garbage-first heap   total 189440K, used 35550K [0x0000000081e00000, 0x0000000100000000)
  region size 1024K, 14 young (14336K), 14 survivors (14336K)
 Metaspace       used 75414K, capacity 77086K, committed 77312K, reserved 1116160K
  class space    used 9569K, capacity 10178K, committed 10240K, reserved 1048576K
}
Event: 15.403 GC heap before
{Heap before GC invocations=17 (full 0):
 garbage-first heap   total 189440K, used 136926K [0x0000000081e00000, 0x0000000100000000)
  region size 1024K, 111 young (113664K), 14 survivors (14336K)
 Metaspace       used 75697K, capacity 77386K, committed 77568K, reserved 1116160K
  class space    used 9584K, capacity 10213K, committed 10240K, reserved 1048576K
}
Event: 15.433 GC heap after
{Heap after GC invocations=18 (full 0):
 garbage-first heap   total 189440K, used 47964K [0x0000000081e00000, 0x0000000100000000)
  region size 1024K, 14 young (14336K), 14 survivors (14336K)
 Metaspace       used 75697K, capacity 77386K, committed 77568K, reserved 1116160K
  class space    used 9584K, capacity 10213K, committed 10240K, reserved 1048576K
}
Event: 33.663 GC heap before
{Heap before GC invocations=18 (full 0):
 garbage-first heap   total 189440K, used 138076K [0x0000000081e00000, 0x0000000100000000)
  region size 1024K, 101 young (103424K), 14 survivors (14336K)
 Metaspace       used 79818K, capacity 81571K, committed 81664K, reserved 1120256K
  class space    used 10052K, capacity 10728K, committed 10752K, reserved 1048576K
}
Event: 33.678 GC heap after
{Heap after GC invocations=19 (full 0):
 garbage-first heap   total 189440K, used 43990K [0x0000000081e00000, 0x0000000100000000)
  region size 1024K, 3 young (3072K), 3 survivors (3072K)
 Metaspace       used 79818K, capacity 81571K, committed 81664K, reserved 1120256K
  class space    used 10052K, capacity 10728K, committed 10752K, reserved 1048576K
}

Deoptimization events (10 events):
Event: 14.243 Thread 0x000002723a394000 Uncommon trap: reason=unstable_if action=reinterpret pc=0x000002724bccd310 method=java.lang.reflect.AccessibleObject.verifyAccess(Ljava/lang/Class;Ljava/lang/Class;Ljava/lang/Class;I)Z @ 2 c2
Event: 14.243 Thread 0x000002723a394000 Uncommon trap: reason=unstable_if action=reinterpret pc=0x000002724bcdd714 method=java.lang.reflect.AccessibleObject.verifyAccess(Ljava/lang/Class;Ljava/lang/Class;Ljava/lang/Class;I)Z @ 2 c2
Event: 15.571 Thread 0x0000027262545800 Uncommon trap: reason=unstable_if action=reinterpret pc=0x000002724bbea604 method=java.util.concurrent.ConcurrentHashMap.sumCount()J @ 41 c2
Event: 33.582 Thread 0x0000027262547000 Uncommon trap: reason=unstable_if action=reinterpret pc=0x000002724ba91638 method=java.nio.Buffer.<init>(IIII)V @ 44 c2
Event: 33.727 Thread 0x0000027262547000 Uncommon trap: reason=unstable_if action=reinterpret pc=0x000002724b9c4764 method=java.lang.CharacterData.of(I)Ljava/lang/CharacterData; @ 4 c2
Event: 33.853 Thread 0x0000027262547000 Uncommon trap: reason=unstable_if action=reinterpret pc=0x000002724bf2db08 method=java.lang.PublicMethods$MethodList.merge(Ljava/lang/PublicMethods$MethodList;Ljava/lang/reflect/Method;)Ljava/lang/PublicMethods$MethodList; @ 62 c2
Event: 33.871 Thread 0x0000027262547000 Uncommon trap: reason=unstable_if action=reinterpret pc=0x000002724bdbc458 method=java.lang.PublicMethods$MethodList.merge(Ljava/lang/PublicMethods$MethodList;Ljava/lang/reflect/Method;)Ljava/lang/PublicMethods$MethodList; @ 62 c2
Event: 35.951 Thread 0x0000027262544800 Uncommon trap: reason=unstable_if action=reinterpret pc=0x000002724ba911cc method=java.nio.Buffer.<init>(IIII)V @ 44 c2
Event: 36.094 Thread 0x0000027262544800 Uncommon trap: reason=class_check action=maybe_recompile pc=0x000002724bf1ecbc method=java.util.concurrent.ConcurrentHashMap.putVal(Ljava/lang/Object;Ljava/lang/Object;Z)Ljava/lang/Object; @ 159 c2
Event: 36.094 Thread 0x0000027262544800 Uncommon trap: reason=class_check action=maybe_recompile pc=0x000002724bf1ecbc method=java.util.concurrent.ConcurrentHashMap.putVal(Ljava/lang/Object;Ljava/lang/Object;Z)Ljava/lang/Object; @ 159 c2

Classes redefined (0 events):
No events

Internal exceptions (10 events):
Event: 14.186 Thread 0x000002723a394000 Exception <a 'java/lang/IncompatibleClassChangeError'{0x0000000088197218}: Found class java.lang.Object, but interface was expected> (0x0000000088197218) thrown at [t:/workspace/open/src/hotspot/share/interpreter/linkResolver.cpp, line 838]
Event: 14.951 Thread 0x0000027262545800 Exception <a 'java/io/IOException'{0x000000008ae83a48}> (0x000000008ae83a48) thrown at [t:/workspace/open/src/hotspot/share/prims/jni.cpp, line 615]
Event: 14.961 Thread 0x0000027262547000 Exception <a 'java/io/IOException'{0x000000008acc76b0}> (0x000000008acc76b0) thrown at [t:/workspace/open/src/hotspot/share/prims/jni.cpp, line 615]
Event: 15.402 Thread 0x0000027262546000 Exception <a 'java/io/IOException'{0x0000000087764138}> (0x0000000087764138) thrown at [t:/workspace/open/src/hotspot/share/prims/jni.cpp, line 615]
Event: 15.471 Thread 0x0000027271031800 Exception <a 'java/io/IOException'{0x000000008d58a268}> (0x000000008d58a268) thrown at [t:/workspace/open/src/hotspot/share/prims/jni.cpp, line 615]
Event: 15.571 Thread 0x0000027262545800 Implicit null exception at 0x000002724bbea5a5 to 0x000002724bbea5e2
Event: 15.745 Thread 0x0000027262547800 Exception <a 'java/io/IOException'{0x000000008a2ff508}> (0x000000008a2ff508) thrown at [t:/workspace/open/src/hotspot/share/prims/jni.cpp, line 615]
Event: 15.753 Thread 0x0000027262547000 Exception <a 'java/io/IOException'{0x000000008a0034d0}> (0x000000008a0034d0) thrown at [t:/workspace/open/src/hotspot/share/prims/jni.cpp, line 615]
Event: 15.797 Thread 0x000002723a394000 Exception <a 'java/lang/NoSuchMethodError'{0x0000000089ecb820}: java.lang.invoke.DirectMethodHandle$Holder.invokeStaticInit(Ljava/lang/Object;Ljava/lang/Object;Ljava/lang/Object;Ljava/lang/Object;)I> (0x0000000089ecb820) thrown at [t:/workspace/open/src/h
Event: 33.539 Thread 0x0000027262547000 Exception <a 'java/lang/NoSuchMethodError'{0x00000000884ebd50}: java.lang.invoke.DirectMethodHandle$Holder.invokeStaticInit(Ljava/lang/Object;Ljava/lang/Object;Ljava/lang/Object;)V> (0x00000000884ebd50) thrown at [t:/workspace/open/src/hotspot/share/inter

Events (10 events):
Event: 36.208 loading class com/fasterxml/jackson/databind/ser/impl/PropertySerializerMap$Multi
Event: 36.208 loading class com/fasterxml/jackson/databind/ser/impl/PropertySerializerMap$Multi done
Event: 36.209 loading class com/fasterxml/jackson/databind/ser/impl/PropertySerializerMap$TypeAndSerializer
Event: 36.209 loading class com/fasterxml/jackson/databind/ser/impl/PropertySerializerMap$TypeAndSerializer done
Event: 36.210 Executing VM operation: RevokeBias
Event: 36.210 Executing VM operation: RevokeBias done
Event: 36.211 Executing VM operation: RevokeBias
Event: 36.212 Executing VM operation: RevokeBias done
Event: 36.212 Executing VM operation: RevokeBias
Event: 36.212 Executing VM operation: RevokeBias done


Dynamic libraries:
0x00007ff602ac0000 - 0x00007ff602b07000 	C:\Program Files\Java\jdk-11.0.6\bin\java.exe
0x00007ffd37760000 - 0x00007ffd37950000 	C:\WINDOWS\SYSTEM32\ntdll.dll
0x00007ffd36cf0000 - 0x00007ffd36da2000 	C:\WINDOWS\System32\KERNEL32.DLL
0x00007ffd34b30000 - 0x00007ffd34dd4000 	C:\WINDOWS\System32\KERNELBASE.dll
0x00007ffd35e70000 - 0x00007ffd35f13000 	C:\WINDOWS\System32\ADVAPI32.dll
0x00007ffd366e0000 - 0x00007ffd3677e000 	C:\WINDOWS\System32\msvcrt.dll
0x00007ffd37680000 - 0x00007ffd37717000 	C:\WINDOWS\System32\sechost.dll
0x00007ffd36e60000 - 0x00007ffd36f80000 	C:\WINDOWS\System32\RPCRT4.dll
0x00007ffd36f80000 - 0x00007ffd37114000 	C:\WINDOWS\System32\USER32.dll
0x00007ffd346f0000 - 0x00007ffd34711000 	C:\WINDOWS\System32\win32u.dll
0x00007ffd359f0000 - 0x00007ffd35a16000 	C:\WINDOWS\System32\GDI32.dll
0x00007ffd347f0000 - 0x00007ffd34985000 	C:\WINDOWS\System32\gdi32full.dll
0x00007ffd35770000 - 0x00007ffd3580e000 	C:\WINDOWS\System32\msvcp_win.dll
0x00007ffd355c0000 - 0x00007ffd356ba000 	C:\WINDOWS\System32\ucrtbase.dll
0x00007ffd29d80000 - 0x00007ffd2a004000 	C:\WINDOWS\WinSxS\amd64_microsoft.windows.common-controls_6595b64144ccf1df_6.0.18362.900_none_e6beb9d913147d17\COMCTL32.dll
0x00007ffd2f100000 - 0x00007ffd2f10a000 	C:\WINDOWS\SYSTEM32\VERSION.dll
0x00007ffd37120000 - 0x00007ffd37455000 	C:\WINDOWS\System32\combase.dll
0x00007ffd356c0000 - 0x00007ffd35740000 	C:\WINDOWS\System32\bcryptPrimitives.dll
0x00007ffd375f0000 - 0x00007ffd3761e000 	C:\WINDOWS\System32\IMM32.DLL
0x00007ffd2fb60000 - 0x00007ffd2fb76000 	C:\Program Files\Java\jdk-11.0.6\bin\vcruntime140.dll
0x00007ffd2d4e0000 - 0x00007ffd2d58a000 	C:\Program Files\Java\jdk-11.0.6\bin\msvcp140.dll
0x00007ffcf1d80000 - 0x00007ffcf28a9000 	C:\Program Files\Java\jdk-11.0.6\bin\server\jvm.dll
0x00007ffd36c60000 - 0x00007ffd36c68000 	C:\WINDOWS\System32\PSAPI.DLL
0x00007ffd2b660000 - 0x00007ffd2b684000 	C:\WINDOWS\SYSTEM32\WINMM.dll
0x00007ffd2feb0000 - 0x00007ffd2feb9000 	C:\WINDOWS\SYSTEM32\WSOCK32.dll
0x00007ffd36c70000 - 0x00007ffd36cdf000 	C:\WINDOWS\System32\WS2_32.dll
0x00007ffd2b630000 - 0x00007ffd2b65d000 	C:\WINDOWS\SYSTEM32\winmmbase.dll
0x00007ffd34ae0000 - 0x00007ffd34b2a000 	C:\WINDOWS\System32\cfgmgr32.dll
0x00007ffd346a0000 - 0x00007ffd346b1000 	C:\WINDOWS\System32\kernel.appcore.dll
0x00007ffd2fb00000 - 0x00007ffd2fb11000 	C:\Program Files\Java\jdk-11.0.6\bin\verify.dll
0x00007ffd33050000 - 0x00007ffd33244000 	C:\WINDOWS\SYSTEM32\DBGHELP.DLL
0x00007ffd2cbf0000 - 0x00007ffd2cc1a000 	C:\WINDOWS\SYSTEM32\dbgcore.DLL
0x00007ffd2e970000 - 0x00007ffd2e999000 	C:\Program Files\Java\jdk-11.0.6\bin\java.dll
0x00007ffd2e4a0000 - 0x00007ffd2e4d7000 	C:\Program Files\Java\jdk-11.0.6\bin\jdwp.dll
0x00007ffd2e820000 - 0x00007ffd2e84f000 	C:\Program Files\Java\jdk-11.0.6\bin\instrument.dll
0x00007ffd2f0e0000 - 0x00007ffd2f0f6000 	C:\Program Files\Java\jdk-11.0.6\bin\zip.dll
0x00007ffd30cc0000 - 0x00007ffd30cca000 	C:\Program Files\Java\jdk-11.0.6\bin\jimage.dll
0x00007ffd35f20000 - 0x00007ffd36606000 	C:\WINDOWS\System32\SHELL32.dll
0x00007ffd37460000 - 0x00007ffd37509000 	C:\WINDOWS\System32\shcore.dll
0x00007ffd34e40000 - 0x00007ffd355c0000 	C:\WINDOWS\System32\windows.storage.dll
0x00007ffd346c0000 - 0x00007ffd346e3000 	C:\WINDOWS\System32\profapi.dll
0x00007ffd34630000 - 0x00007ffd3467a000 	C:\WINDOWS\System32\powrprof.dll
0x00007ffd34620000 - 0x00007ffd34630000 	C:\WINDOWS\System32\UMPDC.dll
0x00007ffd35990000 - 0x00007ffd359e2000 	C:\WINDOWS\System32\shlwapi.dll
0x00007ffd34720000 - 0x00007ffd34737000 	C:\WINDOWS\System32\cryptsp.dll
0x00007ffd2faf0000 - 0x00007ffd2fafa000 	C:\Program Files\Java\jdk-11.0.6\bin\dt_socket.dll
0x00007ffd33e30000 - 0x00007ffd33e97000 	C:\WINDOWS\System32\mswsock.dll
0x00007ffd33bd0000 - 0x00007ffd33c9b000 	C:\WINDOWS\SYSTEM32\DNSAPI.dll
0x00007ffd36ce0000 - 0x00007ffd36ce8000 	C:\WINDOWS\System32\NSI.dll
0x00007ffd33b40000 - 0x00007ffd33b7a000 	C:\WINDOWS\SYSTEM32\IPHLPAPI.DLL
0x00007ffd2ee40000 - 0x00007ffd2eeb7000 	C:\WINDOWS\System32\fwpuclnt.dll
0x00007ffd35740000 - 0x00007ffd35766000 	C:\WINDOWS\System32\bcrypt.dll
0x00007ffd2bda0000 - 0x00007ffd2bdaa000 	C:\Windows\System32\rasadhlp.dll
0x00007ffd2e8e0000 - 0x00007ffd2e8f9000 	C:\Program Files\Java\jdk-11.0.6\bin\net.dll
0x00007ffd2e500000 - 0x00007ffd2e5f0000 	C:\WINDOWS\SYSTEM32\WINHTTP.dll
0x00007ffd2e8c0000 - 0x00007ffd2e8d3000 	C:\Program Files\Java\jdk-11.0.6\bin\nio.dll
0x00007ffd2f090000 - 0x00007ffd2f099000 	C:\Program Files\Java\jdk-11.0.6\bin\management.dll
0x00007ffd2efc0000 - 0x00007ffd2efcc000 	C:\Program Files\Java\jdk-11.0.6\bin\management_ext.dll
0x00007ffd1d9d0000 - 0x00007ffd1d9e6000 	C:\WINDOWS\system32\napinsp.dll
0x00007ffd1d7d0000 - 0x00007ffd1d7ea000 	C:\WINDOWS\system32\pnrpnsp.dll
0x00007ffd26ba0000 - 0x00007ffd26bae000 	C:\WINDOWS\System32\winrnr.dll
0x00007ffd2ed50000 - 0x00007ffd2ed6c000 	C:\WINDOWS\system32\NLAapi.dll
0x00007ffd2fd20000 - 0x00007ffd2fd35000 	C:\WINDOWS\system32\wshbth.dll
0x00007ffd339a0000 - 0x00007ffd339d3000 	C:\WINDOWS\system32\rsaenh.dll
0x00007ffd34510000 - 0x00007ffd34535000 	C:\WINDOWS\SYSTEM32\USERENV.dll
0x00007ffd34000000 - 0x00007ffd3400c000 	C:\WINDOWS\SYSTEM32\CRYPTBASE.dll
0x00007ffd2ef40000 - 0x00007ffd2ef56000 	C:\WINDOWS\SYSTEM32\dhcpcsvc6.DLL
0x00007ffd2ef20000 - 0x00007ffd2ef3c000 	C:\WINDOWS\SYSTEM32\dhcpcsvc.DLL

dbghelp: loaded successfully - version: 4.0.5 - missing functions: none
symbol engine: initialized successfully - sym options: 0x614 - pdb path: .;C:\Program Files\Java\jdk-11.0.6\bin;C:\WINDOWS\SYSTEM32;C:\WINDOWS\WinSxS\amd64_microsoft.windows.common-controls_6595b64144ccf1df_6.0.18362.900_none_e6beb9d913147d17;C:\Program Files\Java\jdk-11.0.6\bin\server

VM Arguments:
jvm_args: -agentlib:jdwp=transport=dt_socket,address=54812,suspend=y,server=y -javaagent:C:\Users\Andre\AppData\Local\JetBrains\IntelliJIdea2020.1\captureAgent\debugger-agent.jar 
java_command: com.desafio.codenation.DesafioApplication
java_class_path (initial): C:\Users\Andre\Desktop\desafio\target\classes;C:\Users\Andre\.m2\repository\org\springframework\boot\spring-boot-starter-web\2.2.6.RELEASE\spring-boot-starter-web-2.2.6.RELEASE.jar;C:\Users\Andre\.m2\repository\org\springframework\boot\spring-boot-starter\2.2.6.RELEASE\spring-boot-starter-2.2.6.RELEASE.jar;C:\Users\Andre\.m2\repository\org\springframework\boot\spring-boot-starter-logging\2.2.6.RELEASE\spring-boot-starter-logging-2.2.6.RELEASE.jar;C:\Users\Andre\.m2\repository\ch\qos\logback\logback-classic\1.2.3\logback-classic-1.2.3.jar;C:\Users\Andre\.m2\repository\ch\qos\logback\logback-core\1.2.3\logback-core-1.2.3.jar;C:\Users\Andre\.m2\repository\org\apache\logging\log4j\log4j-to-slf4j\2.12.1\log4j-to-slf4j-2.12.1.jar;C:\Users\Andre\.m2\repository\org\apache\logging\log4j\log4j-api\2.12.1\log4j-api-2.12.1.jar;C:\Users\Andre\.m2\repository\org\slf4j\jul-to-slf4j\1.7.30\jul-to-slf4j-1.7.30.jar;C:\Users\Andre\.m2\repository\jakarta\annotation\jakarta.annotation-api\1.3.5\jakarta.annotation-api-1.3.5.jar;C:\Users\Andre\.m2\repository\org\yaml\snakeyaml\1.25\snakeyaml-1.25.jar;C:\Users\Andre\.m2\repository\org\springframework\boot\spring-boot-starter-json\2.2.6.RELEASE\spring-boot-starter-json-2.2.6.RELEASE.jar;C:\Users\Andre\.m2\repository\com\fasterxml\jackson\datatype\jackson-datatype-jdk8\2.10.3\jackson-datatype-jdk8-2.10.3.jar;C:\Users\Andre\.m2\repository\com\fasterxml\jackson\datatype\jackson-datatype-jsr310\2.10.3\jackson-datatype-jsr310-2.10.3.jar;C:\Users\Andre\.m2\repository\com\fasterxml\jackson\module\jackson-module-parameter-names\2.10.3\jackson-module-parameter-names-2.10.3.jar;C:\Users\Andre\.m2\repository\org\springframework\boot\spring-boot-starter-tomcat\2.2.6.RELEASE\spring-boot-starter-tomcat-2.2.6.RELEASE.jar;C:\Users\Andre\.m2\repository\org\apache\tomcat\embed\tomcat-embed-core\9.0.33\tomcat-embed-core-9.0.33.jar;C:\Users\Andre\.m2\repository\org\apache\tomcat\embed\tomcat-embed-el\9.0.33\tomcat-embed-el-9.0.33.j
Launcher Type: SUN_STANDARD

[Global flags]
     intx CICompilerCount                          = 3                                         {product} {ergonomic}
     uint ConcGCThreads                            = 1                                         {product} {ergonomic}
     uint G1ConcRefinementThreads                  = 4                                         {product} {ergonomic}
   size_t G1HeapRegionSize                         = 1048576                                   {product} {ergonomic}
    uintx GCDrainStackTargetSize                   = 64                                        {product} {ergonomic}
   size_t InitialHeapSize                          = 134217728                                 {product} {ergonomic}
   size_t MarkStackSize                            = 4194304                                   {product} {ergonomic}
   size_t MaxHeapSize                              = 2116026368                                {product} {ergonomic}
   size_t MaxNewSize                               = 1268776960                                {product} {ergonomic}
   size_t MinHeapDeltaBytes                        = 1048576                                   {product} {ergonomic}
    uintx NonNMethodCodeHeapSize                   = 5830732                                {pd product} {ergonomic}
    uintx NonProfiledCodeHeapSize                  = 122913754                              {pd product} {ergonomic}
    uintx ProfiledCodeHeapSize                     = 122913754                              {pd product} {ergonomic}
    uintx ReservedCodeCacheSize                    = 251658240                              {pd product} {ergonomic}
     bool SegmentedCodeCache                       = true                                      {product} {ergonomic}
     bool UseCompressedClassPointers               = true                                 {lp64_product} {ergonomic}
     bool UseCompressedOops                        = true                                 {lp64_product} {ergonomic}
     bool UseG1GC                                  = true                                      {product} {ergonomic}
     bool UseLargePagesIndividualAllocation        = false                                  {pd product} {ergonomic}

Logging:
Log output configuration:
 #0: stdout all=warning uptime,level,tags
 #1: stderr all=off uptime,level,tags

Environment Variables:
JAVA_HOME=C:\Program Files\Java\jdk-11.0.6
PATH=C:\Program Files\Java\jdk-11.0.6\bin;C:\Program Files (x86)\Common Files\Oracle\Java\javapath;J:\DevSuiteHome_2\jdk\jre\bin\classic;J:\DevSuiteHome_2\jdk\jre\bin;J:\DevSuiteHome_2\jdk\jre\bin\client;J:\DevSuiteHome_2\jlib;J:\DevSuiteHome_2\bin;J:\DevSuiteHome_2\jre\1.4.2\bin\client;J:\DevSuiteHome_2\jre\1.4.2\bin;C:\oraclexe\app\oracle\product\10.2.0\server\bin;C:\WINDOWS\system32;C:\WINDOWS;C:\WINDOWS\System32\Wbem;C:\WINDOWS\System32\WindowsPowerShell\v1.0\;C:\Program Files\Git\cmd;C:\Users\Andre\AppData\Local\Android\Sdk\platform-tools;C:\Users\Andre\AppData\Local\Android\Sdk\tools;C:\WINDOWS\System32\OpenSSH\;C:\Program Files\nodejs\;C:\Maven\bin;C:\Program Files (x86)\Yarn\bin\;C:\xampp\mysql\bin;C:\Users\Andre\AppData\Local\Android\Sdk\platform-tools;C:\Users\Andre\AppData\Local\Programs\Python\Python36\Scripts\;C:\Users\Andre\AppData\Local\Programs\Python\Python36\;C:\Users\Andre\AppData\Local\Microsoft\WindowsApps;C:\Users\Andre\AppData\Local\Programs\Microsoft VS Code\bin;C:\Users\Andre\AppData\Roaming\npm;C:\Program Files\JetBrains\PyCharm 2020.1.1\bin;;C:\Users\Andre\AppData\Local\Yarn\bin;C:\Users\Andre\AppData\Local\Programs\Python\Python36\;C:\Users\Andre\AppData\Local\Programs\Python\Python36\Scripts\;C:\Program Files\JetBrains\IntelliJ IDEA 2019.1.3\bin;;C:\Users\Andre\flutter\bin;C:\Program Files\Android\Android Studio\tools;C:\Program Files\Android\Android Studio\platform-tools;C:\ProgramData\Anaconda3\Scripts;C:\Program Files\heroku\bin;C:\Program Files\Java\jdk-11.0.6\bin;C:\Users\Andre\codenation;;C:\Users\Andre\AppData\Local\Programs\Fiddler
USERNAME=Andre
OS=Windows_NT
PROCESSOR_IDENTIFIER=Intel64 Family 6 Model 142 Stepping 9, GenuineIntel



---------------  S Y S T E M  ---------------

OS: Windows 10 , 64 bit Build 18362 (10.0.18362.900)

CPU:total 4 (initial active 4) (2 cores per cpu, 2 threads per core) family 6 model 142 stepping 9, cmov, cx8, fxsr, mmx, sse, sse2, sse3, ssse3, sse4.1, sse4.2, popcnt, avx, avx2, aes, clmul, erms, 3dnowpref, lzcnt, ht, tsc, tscinvbit, bmi1, bmi2, adx, fma

Memory: 4k page, system-wide physical 8066M (494M free)
TotalPageFile size 12162M (AvailPageFile size 0M)
current process WorkingSet (physical memory assigned to process): 423M, peak: 558M
current process commit charge ("private bytes"): 461M, peak: 601M

vm_info: Java HotSpot(TM) 64-Bit Server VM (11.0.6+8-LTS) for windows-amd64 JRE (11.0.6+8-LTS), built on Dec 11 2019 09:17:57 by "mach5one" with MS VC++ 15.5 (VS2017)

END.
